0 info it worked if it ends with ok
1 verbose cli [ '/usr/local/bin/node',
1 verbose cli   '/usr/local/bin/npm',
1 verbose cli   'start',
1 verbose cli   '--port',
1 verbose cli   '4000' ]
2 info using npm@1.4.14
3 info using node@v0.10.29
4 verbose node symlink /usr/local/bin/node
5 error Error: ENOENT, open '/vagrant/bloc-jams/node_modules/4000/package.json'
6 error If you need help, you may report this *entire* log,
6 error including the npm and node versions, at:
6 error     <http://github.com/npm/npm/issues>
7 error System Linux 3.2.0-23-generic-pae
8 error command "/usr/local/bin/node" "/usr/local/bin/npm" "start" "--port" "4000"
9 error cwd /vagrant/bloc-jams
10 error node -v v0.10.29
11 error npm -v 1.4.14
12 error path /vagrant/bloc-jams/node_modules/4000/package.json
13 error code ENOENT
14 error errno 34
15 verbose exit [ 34, true ]
